2024-11-06 14:28:18 - Starting AviationShowApplication on DESKTOP-NM1RA33 with PID 3424 (F:\ideaProjects\blk\aviation_show\target\classes started by Administrator in F:\ideaProjects\blk\aviation_show)
2024-11-06 14:28:18 - No active profile set, falling back to default profiles: default
2024-11-06 14:28:20 - Tomcat initialized with port(s): 8080 (http)
2024-11-06 14:28:20 - Initializing ProtocolHandler ["http-nio-8080"]
2024-11-06 14:28:20 - Starting service [Tomcat]
2024-11-06 14:28:20 - Starting Servlet engine: [Apache Tomcat/9.0.38]
2024-11-06 14:28:21 - Initializing Spring embedded WebApplicationContext
2024-11-06 14:28:21 - Root WebApplicationContext: initialization completed in 2184 ms
2024-11-06 14:28:22 - Initializing ExecutorService 'applicationTaskExecutor'
2024-11-06 14:28:22 - Initializing ExecutorService 'taskScheduler'
2024-11-06 14:28:22 - ConsumerConfig values: 
	allow.auto.create.topics = true
	auto.commit.interval.ms = 5000
	auto.offset.reset = latest
	bootstrap.servers = [192.168.164.129:9092]
	check.crcs = true
	client.dns.lookup = use_all_dns_ips
	client.id = consumer-ygpt-zhdh-1
	client.rack = 
	connections.max.idle.ms = 540000
	default.api.timeout.ms = 60000
	enable.auto.commit = false
	exclude.internal.topics = true
	fetch.max.bytes = 52428800
	fetch.max.wait.ms = 500
	fetch.min.bytes = 1
	group.id = ygpt-zhdh
	group.instance.id = null
	heartbeat.interval.ms = 3000
	interceptor.classes = []
	internal.leave.group.on.close = true
	internal.throw.on.fetch.stable.offset.unsupported = false
	isolation.level = read_uncommitted
	key.deserializer = class org.apache.kafka.common.serialization.StringDeserializer
	max.partition.fetch.bytes = 1048576
	max.poll.interval.ms = 300000
	max.poll.records = 500
	metadata.max.age.ms = 300000
	metric.reporters = []
	metrics.num.samples = 2
	metrics.recording.level = INFO
	metrics.sample.window.ms = 30000
	partition.assignment.strategy = [class org.apache.kafka.clients.consumer.RangeAssignor]
	receive.buffer.bytes = 65536
	reconnect.backoff.max.ms = 1000
	reconnect.backoff.ms = 50
	request.timeout.ms = 30000
	retry.backoff.ms = 100
	sasl.client.callback.handler.class = null
	sasl.jaas.config = null
	sasl.kerberos.kinit.cmd = /usr/bin/kinit
	sasl.kerberos.min.time.before.relogin = 60000
	sasl.kerberos.service.name = null
	sasl.kerberos.ticket.renew.jitter = 0.05
	sasl.kerberos.ticket.renew.window.factor = 0.8
	sasl.login.callback.handler.class = null
	sasl.login.class = null
	sasl.login.refresh.buffer.seconds = 300
	sasl.login.refresh.min.period.seconds = 60
	sasl.login.refresh.window.factor = 0.8
	sasl.login.refresh.window.jitter = 0.05
	sasl.mechanism = GSSAPI
	security.protocol = PLAINTEXT
	security.providers = null
	send.buffer.bytes = 131072
	session.timeout.ms = 10000
	socket.connection.setup.timeout.max.ms = 127000
	socket.connection.setup.timeout.ms = 10000
	ssl.cipher.suites = null
	ssl.enabled.protocols = [TLSv1.2]
	ssl.endpoint.identification.algorithm = https
	ssl.engine.factory.class = null
	ssl.key.password = null
	ssl.keymanager.algorithm = SunX509
	ssl.keystore.certificate.chain = null
	ssl.keystore.key = null
	ssl.keystore.location = null
	ssl.keystore.password = null
	ssl.keystore.type = JKS
	ssl.protocol = TLSv1.2
	ssl.provider = null
	ssl.secure.random.implementation = null
	ssl.trustmanager.algorithm = PKIX
	ssl.truststore.certificates = null
	ssl.truststore.location = null
	ssl.truststore.password = null
	ssl.truststore.type = JKS
	value.deserializer = class org.apache.kafka.common.serialization.StringDeserializer

2024-11-06 14:28:22 - Kafka version: 2.7.1
2024-11-06 14:28:22 - Kafka commitId: 61dbce85d0d41457
2024-11-06 14:28:22 - Kafka startTimeMs: 1730874502918
2024-11-06 14:28:22 - [Consumer clientId=consumer-ygpt-zhdh-1, groupId=ygpt-zhdh] Subscribed to topic(s): iot_00_04_pd_datas_syy_guangdong_EnvMonitor_DGRI_AICamera_V2.0
2024-11-06 14:28:22 - Initializing ExecutorService
2024-11-06 14:28:22 - Starting ProtocolHandler ["http-nio-8080"]
2024-11-06 14:28:22 - Tomcat started on port(s): 8080 (http) with context path ''
2024-11-06 14:28:22 - Started AviationShowApplication in 4.915 seconds (JVM running for 9.723)
2024-11-06 14:29:10 - Initializing Spring DispatcherServlet 'dispatcherServlet'
2024-11-06 14:29:10 - Initializing Servlet 'dispatcherServlet'
2024-11-06 14:29:10 - Completed initialization in 9 ms
2024-11-06 14:29:10 - 开始调用接口/measureData/list------->>>>>> 请求参数: 1
2024-11-06 14:29:10 - HikariPool-1 - Starting...
2024-11-06 14:29:11 - HikariPool-1 - Start completed.
2024-11-06 14:30:00 - 开始同步电流数据------>>>>>>>>
2024-11-06 14:30:00 - MeasureDataLatest synchronization completed
2024-11-06 14:30:47 - [Consumer clientId=consumer-ygpt-zhdh-1, groupId=ygpt-zhdh] Unsubscribed all topics or patterns and assigned partitions
2024-11-06 14:30:47 - Shutting down ExecutorService
2024-11-06 14:30:47 - Metrics scheduler closed
2024-11-06 14:30:47 - Closing reporter org.apache.kafka.common.metrics.JmxReporter
2024-11-06 14:30:47 - Metrics reporters closed
2024-11-06 14:30:47 - App info kafka.consumer for consumer-ygpt-zhdh-1 unregistered
2024-11-06 14:30:47 - ygpt-zhdh: Consumer stopped
2024-11-06 14:30:47 - Shutting down ExecutorService 'taskScheduler'
2024-11-06 14:30:47 - Shutting down ExecutorService 'applicationTaskExecutor'
2024-11-06 14:30:47 - HikariPool-1 - Shutdown initiated...
2024-11-06 14:30:47 - HikariPool-1 - Shutdown completed.
2024-11-06 15:15:50 - Starting AviationShowApplication on DESKTOP-NM1RA33 with PID 3028 (F:\ideaProjects\blk\aviation_show\target\classes started by Administrator in F:\ideaProjects\blk\aviation_show)
2024-11-06 15:15:50 - No active profile set, falling back to default profiles: default
2024-11-06 15:15:51 - Tomcat initialized with port(s): 8080 (http)
2024-11-06 15:15:51 - Initializing ProtocolHandler ["http-nio-8080"]
2024-11-06 15:15:51 - Starting service [Tomcat]
2024-11-06 15:15:51 - Starting Servlet engine: [Apache Tomcat/9.0.38]
2024-11-06 15:15:51 - Initializing Spring embedded WebApplicationContext
2024-11-06 15:15:51 - Root WebApplicationContext: initialization completed in 1333 ms
2024-11-06 15:15:53 - Initializing ExecutorService 'applicationTaskExecutor'
2024-11-06 15:15:54 - Initializing ExecutorService 'taskScheduler'
2024-11-06 15:15:54 - ConsumerConfig values: 
	allow.auto.create.topics = true
	auto.commit.interval.ms = 5000
	auto.offset.reset = latest
	bootstrap.servers = [192.168.164.129:9092]
	check.crcs = true
	client.dns.lookup = use_all_dns_ips
	client.id = consumer-ygpt-zhdh-1
	client.rack = 
	connections.max.idle.ms = 540000
	default.api.timeout.ms = 60000
	enable.auto.commit = false
	exclude.internal.topics = true
	fetch.max.bytes = 52428800
	fetch.max.wait.ms = 500
	fetch.min.bytes = 1
	group.id = ygpt-zhdh
	group.instance.id = null
	heartbeat.interval.ms = 3000
	interceptor.classes = []
	internal.leave.group.on.close = true
	internal.throw.on.fetch.stable.offset.unsupported = false
	isolation.level = read_uncommitted
	key.deserializer = class org.apache.kafka.common.serialization.StringDeserializer
	max.partition.fetch.bytes = 1048576
	max.poll.interval.ms = 300000
	max.poll.records = 500
	metadata.max.age.ms = 300000
	metric.reporters = []
	metrics.num.samples = 2
	metrics.recording.level = INFO
	metrics.sample.window.ms = 30000
	partition.assignment.strategy = [class org.apache.kafka.clients.consumer.RangeAssignor]
	receive.buffer.bytes = 65536
	reconnect.backoff.max.ms = 1000
	reconnect.backoff.ms = 50
	request.timeout.ms = 30000
	retry.backoff.ms = 100
	sasl.client.callback.handler.class = null
	sasl.jaas.config = null
	sasl.kerberos.kinit.cmd = /usr/bin/kinit
	sasl.kerberos.min.time.before.relogin = 60000
	sasl.kerberos.service.name = null
	sasl.kerberos.ticket.renew.jitter = 0.05
	sasl.kerberos.ticket.renew.window.factor = 0.8
	sasl.login.callback.handler.class = null
	sasl.login.class = null
	sasl.login.refresh.buffer.seconds = 300
	sasl.login.refresh.min.period.seconds = 60
	sasl.login.refresh.window.factor = 0.8
	sasl.login.refresh.window.jitter = 0.05
	sasl.mechanism = GSSAPI
	security.protocol = PLAINTEXT
	security.providers = null
	send.buffer.bytes = 131072
	session.timeout.ms = 10000
	socket.connection.setup.timeout.max.ms = 127000
	socket.connection.setup.timeout.ms = 10000
	ssl.cipher.suites = null
	ssl.enabled.protocols = [TLSv1.2]
	ssl.endpoint.identification.algorithm = https
	ssl.engine.factory.class = null
	ssl.key.password = null
	ssl.keymanager.algorithm = SunX509
	ssl.keystore.certificate.chain = null
	ssl.keystore.key = null
	ssl.keystore.location = null
	ssl.keystore.password = null
	ssl.keystore.type = JKS
	ssl.protocol = TLSv1.2
	ssl.provider = null
	ssl.secure.random.implementation = null
	ssl.trustmanager.algorithm = PKIX
	ssl.truststore.certificates = null
	ssl.truststore.location = null
	ssl.truststore.password = null
	ssl.truststore.type = JKS
	value.deserializer = class org.apache.kafka.common.serialization.StringDeserializer

2024-11-06 15:15:54 - Kafka version: 2.7.1
2024-11-06 15:15:54 - Kafka commitId: 61dbce85d0d41457
2024-11-06 15:15:54 - Kafka startTimeMs: 1730877354302
2024-11-06 15:15:54 - [Consumer clientId=consumer-ygpt-zhdh-1, groupId=ygpt-zhdh] Subscribed to topic(s): iot_00_04_pd_datas_syy_guangdong_EnvMonitor_DGRI_AICamera_V2.0
2024-11-06 15:15:54 - Initializing ExecutorService
2024-11-06 15:15:54 - Starting ProtocolHandler ["http-nio-8080"]
2024-11-06 15:15:54 - Tomcat started on port(s): 8080 (http) with context path ''
2024-11-06 15:15:54 - Started AviationShowApplication in 4.605 seconds (JVM running for 6.446)
2024-11-06 15:16:25 - Initializing Spring DispatcherServlet 'dispatcherServlet'
2024-11-06 15:16:25 - Initializing Servlet 'dispatcherServlet'
2024-11-06 15:16:25 - Completed initialization in 9 ms
2024-11-06 15:16:25 - 开始调用接口/measureData/list------->>>>>> 请求参数: 1
2024-11-06 15:16:25 - HikariPool-1 - Starting...
2024-11-06 15:16:26 - HikariPool-1 - Start completed.
2024-11-06 15:30:00 - 开始同步电流数据------>>>>>>>>
2024-11-06 15:30:00 - 同步电流实时数据成功！
2024-11-06 15:45:00 - 开始同步电流数据------>>>>>>>>
2024-11-06 15:45:00 - 同步电流实时数据成功！
2024-11-06 15:52:28 - Starting AviationShowApplication on DESKTOP-NM1RA33 with PID 11320 (F:\ideaProjects\blk\aviation_show\target\classes started by Administrator in F:\ideaProjects\blk\aviation_show)
2024-11-06 15:52:28 - No active profile set, falling back to default profiles: default
2024-11-06 15:52:30 - Tomcat initialized with port(s): 8080 (http)
2024-11-06 15:52:30 - Initializing ProtocolHandler ["http-nio-8080"]
2024-11-06 15:52:30 - Starting service [Tomcat]
2024-11-06 15:52:30 - Starting Servlet engine: [Apache Tomcat/9.0.38]
2024-11-06 15:52:30 - Initializing Spring embedded WebApplicationContext
2024-11-06 15:52:30 - Root WebApplicationContext: initialization completed in 1444 ms
2024-11-06 15:52:31 - Initializing ExecutorService 'applicationTaskExecutor'
2024-11-06 15:52:31 - Initializing ExecutorService 'taskScheduler'
2024-11-06 15:52:32 - ConsumerConfig values: 
	allow.auto.create.topics = true
	auto.commit.interval.ms = 5000
	auto.offset.reset = latest
	bootstrap.servers = [192.168.164.129:9092]
	check.crcs = true
	client.dns.lookup = use_all_dns_ips
	client.id = consumer-ygpt-zhdh-1
	client.rack = 
	connections.max.idle.ms = 540000
	default.api.timeout.ms = 60000
	enable.auto.commit = false
	exclude.internal.topics = true
	fetch.max.bytes = 52428800
	fetch.max.wait.ms = 500
	fetch.min.bytes = 1
	group.id = ygpt-zhdh
	group.instance.id = null
	heartbeat.interval.ms = 3000
	interceptor.classes = []
	internal.leave.group.on.close = true
	internal.throw.on.fetch.stable.offset.unsupported = false
	isolation.level = read_uncommitted
	key.deserializer = class org.apache.kafka.common.serialization.StringDeserializer
	max.partition.fetch.bytes = 1048576
	max.poll.interval.ms = 300000
	max.poll.records = 500
	metadata.max.age.ms = 300000
	metric.reporters = []
	metrics.num.samples = 2
	metrics.recording.level = INFO
	metrics.sample.window.ms = 30000
	partition.assignment.strategy = [class org.apache.kafka.clients.consumer.RangeAssignor]
	receive.buffer.bytes = 65536
	reconnect.backoff.max.ms = 1000
	reconnect.backoff.ms = 50
	request.timeout.ms = 30000
	retry.backoff.ms = 100
	sasl.client.callback.handler.class = null
	sasl.jaas.config = null
	sasl.kerberos.kinit.cmd = /usr/bin/kinit
	sasl.kerberos.min.time.before.relogin = 60000
	sasl.kerberos.service.name = null
	sasl.kerberos.ticket.renew.jitter = 0.05
	sasl.kerberos.ticket.renew.window.factor = 0.8
	sasl.login.callback.handler.class = null
	sasl.login.class = null
	sasl.login.refresh.buffer.seconds = 300
	sasl.login.refresh.min.period.seconds = 60
	sasl.login.refresh.window.factor = 0.8
	sasl.login.refresh.window.jitter = 0.05
	sasl.mechanism = GSSAPI
	security.protocol = PLAINTEXT
	security.providers = null
	send.buffer.bytes = 131072
	session.timeout.ms = 10000
	socket.connection.setup.timeout.max.ms = 127000
	socket.connection.setup.timeout.ms = 10000
	ssl.cipher.suites = null
	ssl.enabled.protocols = [TLSv1.2]
	ssl.endpoint.identification.algorithm = https
	ssl.engine.factory.class = null
	ssl.key.password = null
	ssl.keymanager.algorithm = SunX509
	ssl.keystore.certificate.chain = null
	ssl.keystore.key = null
	ssl.keystore.location = null
	ssl.keystore.password = null
	ssl.keystore.type = JKS
	ssl.protocol = TLSv1.2
	ssl.provider = null
	ssl.secure.random.implementation = null
	ssl.trustmanager.algorithm = PKIX
	ssl.truststore.certificates = null
	ssl.truststore.location = null
	ssl.truststore.password = null
	ssl.truststore.type = JKS
	value.deserializer = class org.apache.kafka.common.serialization.StringDeserializer

2024-11-06 15:52:32 - Kafka version: 2.7.1
2024-11-06 15:52:32 - Kafka commitId: 61dbce85d0d41457
2024-11-06 15:52:32 - Kafka startTimeMs: 1730879552184
2024-11-06 15:52:32 - [Consumer clientId=consumer-ygpt-zhdh-1, groupId=ygpt-zhdh] Subscribed to topic(s): iot_00_04_pd_datas_syy_guangdong_EnvMonitor_DGRI_AICamera_V2.0
2024-11-06 15:52:32 - Initializing ExecutorService
2024-11-06 15:52:32 - Starting ProtocolHandler ["http-nio-8080"]
2024-11-06 15:52:32 - Tomcat started on port(s): 8080 (http) with context path ''
2024-11-06 15:52:32 - Started AviationShowApplication in 4.345 seconds (JVM running for 5.564)
2024-11-06 15:53:18 - Initializing Spring DispatcherServlet 'dispatcherServlet'
2024-11-06 15:53:18 - Initializing Servlet 'dispatcherServlet'
2024-11-06 15:53:18 - Completed initialization in 30 ms
2024-11-06 15:53:18 - 开始调用接口/measureData/list------->>>>>> 请求参数: 1
2024-11-06 15:53:18 - HikariPool-1 - Starting...
2024-11-06 15:53:19 - HikariPool-1 - Start completed.
2024-11-06 16:00:00 - 开始同步电流数据------>>>>>>>>
2024-11-06 16:00:00 - 同步电流实时数据成功！
